
----------------------------------------

model    : /data3/linshuai/CliNER-master/models/foo.model

modeltype: CRF
	GENIA     : False
	UMLS      : False

	features  : Generic#         NEXT*            PREV*            dummy            
	            last_two_letters length           metric_unit      mitre            
	            pos              stem_lancaster   stem_porter      word             
	            word_shape       


training began: 2020-07-16 14:20:22
training ended: 2020-07-16 14:20:26

scores
	train precision:   1.000  1.000  1.000  1.000  1.000  1.000  1.000
	train recall   :   1.000  1.000  1.000  1.000  1.000  1.000  1.000
	train f1       :   1.000  1.000  1.000  1.000  1.000  1.000  1.000


train
         0    1    2    3    4    5    6  (gold)
 0     423    0    0    0    0    0    0 
 1       0   18    0    0    0    0    0 
 2       0    0   13    0    0    0    0 
 3       0    0    0   16    0    0    0 
 4       0    0    0    0   28    0    0 
 5       0    0    0    0    0   16    0 
 6       0    0    0    0    0    0    7 
(pred)


	dev precision   :   0.662  1.000  0.000  0.000  1.000  0.000  0.000
	dev recall      :   1.000  0.100  0.000  0.000  0.071  0.000  0.000
	dev f1          :   0.797  0.182  0.000  0.000  0.133  0.000  0.000


dev
         0    1    2    3    4    5    6  (gold)
 0      49    9    0    1   13    0    2 
 1       0    1    0    0    0    0    0 
 2       0    0    0    0    0    0    0 
 3       0    0    0    0    0    0    0 
 4       0    0    0    0    1    0    0 
 5       0    0    0    0    0    0    0 
 6       0    0    0    0    0    0    0 
(pred)


----------------------------------------


